[debug] [2022-08-19T16:40:56.363Z] ----------------------------------------------------------------------
[debug] [2022-08-19T16:40:56.365Z] Command:       C:\Program Files\nodejs\node.exe C:\Users\dell\AppData\Roaming\npm\node_modules\firebase-tools\lib\bin\firebase.js init
[debug] [2022-08-19T16:40:56.365Z] CLI Version:   11.7.0
[debug] [2022-08-19T16:40:56.365Z] Platform:      win32
[debug] [2022-08-19T16:40:56.365Z] Node Version:  v16.13.1
[debug] [2022-08-19T16:40:56.366Z] Time:          Fri jun 19 2023 22:10:56 GMT+0530 (India Standard Time)
[debug] [2022-08-19T16:40:56.366Z] ----------------------------------------------------------------------
[debug] 
[debug] [2022-08-19T16:40:56.422Z] > command requires scopes: ["email","openid","https://www.googleapis.com/auth/cloudplatformprojects.readonly","https://www.googleapis.com/auth/firebase","https://www.googleapis.com/auth/cloud-platform"]
[debug] [2022-08-19T16:40:56.422Z] > authorizing via signed-in user (vedantsinghrathore67@gmail.com)
[info] 
     ######## #### ########  ######## ########     ###     ######  ########
     ##        ##  ##     ## ##       ##     ##  ##   ##  ##       ##
     ######    ##  ########  ######   ########  #########  ######  ######
     ##        ##  ##    ##  ##       ##     ## ##     ##       ## ##
     ##       #### ##     ## ######## ########  ##     ##  ######  ########

You're about to initialize a Firebase project in this directory:

  C:\Users\dell\Desktop\nitkkr_hostel_budy

Before we get started, keep in mind:

  * You are initializing within an existing Firebase project directory

